
Showing logs for build [32mcb-kubecd-environment-pr-129-47-6cf2l-1[0m stage [32mfrom-build-pack[0m and container [32mstep-credential-initializer-m5lt9[0m
{"level":"warn","ts":1578588534.224569,"logger":"fallback-logger","caller":"logging/config.go:69","msg":"Fetch GitHub commit ID from kodata failed: \"ref: refs/heads/0.8.0-**-support-backwards-incompats\" is not a valid GitHub commit ID"}
{"level":"info","ts":1578588534.2256079,"logger":"fallback-logger","caller":"creds-init/main.go:40","msg":"Credentials initialized."}

Showing logs for build [32mcb-kubecd-environment-pr-129-47-6cf2l-1[0m stage [32mfrom-build-pack[0m and container [32mstep-working-dir-initializer-ws57j[0m
{"level":"warn","ts":1578588535.3990371,"logger":"fallback-logger","caller":"logging/config.go:69","msg":"Fetch GitHub commit ID from kodata failed: open /var/run/ko/HEAD: no such file or directory"}
{"level":"info","ts":1578588535.4010916,"logger":"fallback-logger","caller":"bash/main.go:64","msg":"Successfully executed command \"sh -c mkdir -p /workspace/source\"; output "}

Showing logs for build [32mcb-kubecd-environment-pr-129-47-6cf2l-1[0m stage [32mfrom-build-pack[0m and container [32mstep-place-tools[0m

Showing logs for build [32mcb-kubecd-environment-pr-129-47-6cf2l-1[0m stage [32mfrom-build-pack[0m and container [32mstep-git-source-cb-kubecd-environment-pr-129-47-wzllr[0m
{"level":"warn","ts":1578588562.3035789,"logger":"fallback-logger","caller":"logging/config.go:69","msg":"Fetch GitHub commit ID from kodata failed: \"ref: refs/heads/0.8.0-**-support-backwards-incompats\" is not a valid GitHub commit ID"}
{"level":"info","ts":1578588563.319633,"logger":"fallback-logger","caller":"git/git.go:103","msg":"Successfully cloned https://github.com/cb-kubecd/environment-pr-129-47-boot-vault-gke-staging.git @ master in path /workspace/source"}

Showing logs for build [32mcb-kubecd-environment-pr-129-47-6cf2l-1[0m stage [32mfrom-build-pack[0m and container [32mstep-git-merge[0m
Using SHAs from PULL_REFS=master:66a8ab9857733f487ecc1698605b6ffc32ccb20a,1:f5b8ee341b3e52dd6647a5712618604454e715b8
DEBUG: ran git fetch --unshallow origin f5b8ee341b3e52dd6647a5712618604454e715b8: 66a8ab9857733f487ecc1698605b6ffc32ccb20a: in 
DEBUG: ran git checkout master in 
DEBUG: ran git reset --hard 66a8ab9857733f487ecc1698605b6ffc32ccb20a in 
DEBUG: ran clean --force -d . in 
DEBUG: ran git merge f5b8ee341b3e52dd6647a5712618604454e715b8 in 
Merged SHA f5b8ee341b3e52dd6647a5712618604454e715b8 with commit message 'chore: Promote bdd-spring-1578587882 to version 0.0.1' into base branch master

Showing logs for build [32mcb-kubecd-environment-pr-129-47-6cf2l-1[0m stage [32mfrom-build-pack[0m and container [32mstep-build-helm-build[0m
WARNING: No $CHART_REPOSITORY defined so using the default value of: http://jenkins-x-chartmuseum:8080
Adding missing Helm repo: storage.googleapis.com https://storage.googleapis.com/chartmuseum.jenkins-x.io
WARNING: No secrets found on "helm/repos" due: reading the secret "helm/repos" from vault: no secret "helm/repos" not found in vault
Read credentials for https://storage.googleapis.com/chartmuseum.jenkins-x.io from vault helm/repos
Successfully added Helm repository storage.googleapis.com.
Adding missing Helm repo: jenkins-x-chartmuseum http://jenkins-x-chartmuseum:8080
WARNING: No secrets found on "helm/repos" due: reading the secret "helm/repos" from vault: no secret "helm/repos" not found in vault
Read credentials for http://jenkins-x-chartmuseum:8080 from vault helm/repos
Successfully added Helm repository jenkins-x-chartmuseum.
WARNING: No $CHART_REPOSITORY defined so using the default value of: http://jenkins-x-chartmuseum:8080
Adding missing Helm repo: chartmuseum.jenkins-x.io http://chartmuseum.jenkins-x.io
WARNING: No secrets found on "helm/repos" due: reading the secret "helm/repos" from vault: no secret "helm/repos" not found in vault
Read credentials for http://chartmuseum.jenkins-x.io from vault helm/repos
Successfully added Helm repository chartmuseum.jenkins-x.io.
